  Source.cpp
C:\c++\Cplus\CTDLGT\Bai_KT\2115207_DinhTrongHieu_ThiThu\2115207_DinhTrongHieu_ThiThu\Menu.h(4,10): warning C4566: character represented by universal-character-name '\u1ECF' cannot be represented in the current code page (1252)
C:\c++\Cplus\CTDLGT\Bai_KT\2115207_DinhTrongHieu_ThiThu\2115207_DinhTrongHieu_ThiThu\Menu.h(4,10): warning C4566: character represented by universal-character-name '\u01B0' cannot be represented in the current code page (1252)
C:\c++\Cplus\CTDLGT\Bai_KT\2115207_DinhTrongHieu_ThiThu\2115207_DinhTrongHieu_ThiThu\Menu.h(4,10): warning C4566: character represented by universal-character-name '\u01A1' cannot be represented in the current code page (1252)
C:\c++\Cplus\CTDLGT\Bai_KT\2115207_DinhTrongHieu_ThiThu\2115207_DinhTrongHieu_ThiThu\Menu.h(5,10): warning C4566: character represented by universal-character-name '\u1EA1' cannot be represented in the current code page (1252)
C:\c++\Cplus\CTDLGT\Bai_KT\2115207_DinhTrongHieu_ThiThu\2115207_DinhTrongHieu_ThiThu\Menu.h(6,10): warning C4566: character represented by universal-character-name '\u1EA5' cannot be represented in the current code page (1252)
C:\c++\Cplus\CTDLGT\Bai_KT\2115207_DinhTrongHieu_ThiThu\2115207_DinhTrongHieu_ThiThu\Menu.h(6,10): warning C4566: character represented by universal-character-name '\u1EA3' cannot be represented in the current code page (1252)
C:\c++\Cplus\CTDLGT\Bai_KT\2115207_DinhTrongHieu_ThiThu\2115207_DinhTrongHieu_ThiThu\Menu.h(6,10): warning C4566: character represented by universal-character-name '\u01B0' cannot be represented in the current code page (1252)
C:\c++\Cplus\CTDLGT\Bai_KT\2115207_DinhTrongHieu_ThiThu\2115207_DinhTrongHieu_ThiThu\Menu.h(6,10): warning C4566: character represented by universal-character-name '\u01A1' cannot be represented in the current code page (1252)
C:\c++\Cplus\CTDLGT\Bai_KT\2115207_DinhTrongHieu_ThiThu\2115207_DinhTrongHieu_ThiThu\Menu.h(6,10): warning C4566: character represented by universal-character-name '\u1EE9' cannot be represented in the current code page (1252)
C:\c++\Cplus\CTDLGT\Bai_KT\2115207_DinhTrongHieu_ThiThu\2115207_DinhTrongHieu_ThiThu\Menu.h(6,10): warning C4566: character represented by universal-character-name '\u1EF1' cannot be represented in the current code page (1252)
C:\c++\Cplus\CTDLGT\Bai_KT\2115207_DinhTrongHieu_ThiThu\2115207_DinhTrongHieu_ThiThu\Menu.h(6,10): warning C4566: character represented by universal-character-name '\u1EDB' cannot be represented in the current code page (1252)
C:\c++\Cplus\CTDLGT\Bai_KT\2115207_DinhTrongHieu_ThiThu\2115207_DinhTrongHieu_ThiThu\Menu.h(6,10): warning C4566: character represented by universal-character-name '\u1EEF' cannot be represented in the current code page (1252)
C:\c++\Cplus\CTDLGT\Bai_KT\2115207_DinhTrongHieu_ThiThu\2115207_DinhTrongHieu_ThiThu\Menu.h(6,10): warning C4566: character represented by universal-character-name '\u1ED1' cannot be represented in the current code page (1252)
C:\c++\Cplus\CTDLGT\Bai_KT\2115207_DinhTrongHieu_ThiThu\2115207_DinhTrongHieu_ThiThu\Menu.h(7,10): warning C4566: character represented by universal-character-name '\u1EA5' cannot be represented in the current code page (1252)
C:\c++\Cplus\CTDLGT\Bai_KT\2115207_DinhTrongHieu_ThiThu\2115207_DinhTrongHieu_ThiThu\Menu.h(7,10): warning C4566: character represented by universal-character-name '\u1EBF' cannot be represented in the current code page (1252)
C:\c++\Cplus\CTDLGT\Bai_KT\2115207_DinhTrongHieu_ThiThu\2115207_DinhTrongHieu_ThiThu\Menu.h(8,10): warning C4566: character represented by universal-character-name '\u1EED' cannot be represented in the current code page (1252)
C:\c++\Cplus\CTDLGT\Bai_KT\2115207_DinhTrongHieu_ThiThu\2115207_DinhTrongHieu_ThiThu\Menu.h(8,10): warning C4566: character represented by universal-character-name '\u0103' cannot be represented in the current code page (1252)
C:\c++\Cplus\CTDLGT\Bai_KT\2115207_DinhTrongHieu_ThiThu\2115207_DinhTrongHieu_ThiThu\Menu.h(8,10): warning C4566: character represented by universal-character-name '\u1EE7' cannot be represented in the current code page (1252)
C:\c++\Cplus\CTDLGT\Bai_KT\2115207_DinhTrongHieu_ThiThu\2115207_DinhTrongHieu_ThiThu\Menu.h(8,10): warning C4566: character represented by universal-character-name '\u1EA5' cannot be represented in the current code page (1252)
C:\c++\Cplus\CTDLGT\Bai_KT\2115207_DinhTrongHieu_ThiThu\2115207_DinhTrongHieu_ThiThu\Menu.h(8,10): warning C4566: character represented by universal-character-name '\u1EBF' cannot be represented in the current code page (1252)
C:\c++\Cplus\CTDLGT\Bai_KT\2115207_DinhTrongHieu_ThiThu\2115207_DinhTrongHieu_ThiThu\Menu.h(8,10): warning C4566: character represented by universal-character-name '\u1EA3' cannot be represented in the current code page (1252)
C:\c++\Cplus\CTDLGT\Bai_KT\2115207_DinhTrongHieu_ThiThu\2115207_DinhTrongHieu_ThiThu\Menu.h(9,10): warning C4566: character represented by universal-character-name '\u1ECF' cannot be represented in the current code page (1252)
C:\c++\Cplus\CTDLGT\Bai_KT\2115207_DinhTrongHieu_ThiThu\2115207_DinhTrongHieu_ThiThu\Menu.h(9,10): warning C4566: character represented by universal-character-name '\u1EA5' cannot be represented in the current code page (1252)
C:\c++\Cplus\CTDLGT\Bai_KT\2115207_DinhTrongHieu_ThiThu\2115207_DinhTrongHieu_ThiThu\Menu.h(9,10): warning C4566: character represented by universal-character-name '\u1EBF' cannot be represented in the current code page (1252)
C:\c++\Cplus\CTDLGT\Bai_KT\2115207_DinhTrongHieu_ThiThu\2115207_DinhTrongHieu_ThiThu\Menu.h(9,10): warning C4566: character represented by universal-character-name '\u1EA3' cannot be represented in the current code page (1252)
C:\c++\Cplus\CTDLGT\Bai_KT\2115207_DinhTrongHieu_ThiThu\2115207_DinhTrongHieu_ThiThu\Menu.h(10,10): warning C4566: character represented by universal-character-name '\u1ED1' cannot be represented in the current code page (1252)
C:\c++\Cplus\CTDLGT\Bai_KT\2115207_DinhTrongHieu_ThiThu\2115207_DinhTrongHieu_ThiThu\Menu.h(10,10): warning C4566: character represented by universal-character-name '\u1EE7' cannot be represented in the current code page (1252)
C:\c++\Cplus\CTDLGT\Bai_KT\2115207_DinhTrongHieu_ThiThu\2115207_DinhTrongHieu_ThiThu\Menu.h(11,10): warning C4566: character represented by universal-character-name '\u1EC1' cannot be represented in the current code page (1252)
C:\c++\Cplus\CTDLGT\Bai_KT\2115207_DinhTrongHieu_ThiThu\2115207_DinhTrongHieu_ThiThu\Menu.h(11,10): warning C4566: character represented by universal-character-name '\u1EE7' cannot be represented in the current code page (1252)
C:\c++\Cplus\CTDLGT\Bai_KT\2115207_DinhTrongHieu_ThiThu\2115207_DinhTrongHieu_ThiThu\Menu.h(12,10): warning C4566: character represented by universal-character-name '\u0111' cannot be represented in the current code page (1252)
C:\c++\Cplus\CTDLGT\Bai_KT\2115207_DinhTrongHieu_ThiThu\2115207_DinhTrongHieu_ThiThu\Menu.h(12,10): warning C4566: character represented by universal-character-name '\u1ECB' cannot be represented in the current code page (1252)
C:\c++\Cplus\CTDLGT\Bai_KT\2115207_DinhTrongHieu_ThiThu\2115207_DinhTrongHieu_ThiThu\Menu.h(12,10): warning C4566: character represented by universal-character-name '\u1EE9' cannot be represented in the current code page (1252)
C:\c++\Cplus\CTDLGT\Bai_KT\2115207_DinhTrongHieu_ThiThu\2115207_DinhTrongHieu_ThiThu\Menu.h(12,10): warning C4566: character represented by universal-character-name '\u1EE7' cannot be represented in the current code page (1252)
C:\c++\Cplus\CTDLGT\Bai_KT\2115207_DinhTrongHieu_ThiThu\2115207_DinhTrongHieu_ThiThu\Menu.h(12,10): warning C4566: character represented by universal-character-name '\u1EBF' cannot be represented in the current code page (1252)
C:\c++\Cplus\CTDLGT\Bai_KT\2115207_DinhTrongHieu_ThiThu\2115207_DinhTrongHieu_ThiThu\Menu.h(13,10): warning C4566: character represented by universal-character-name '\u1EA5' cannot be represented in the current code page (1252)
C:\c++\Cplus\CTDLGT\Bai_KT\2115207_DinhTrongHieu_ThiThu\2115207_DinhTrongHieu_ThiThu\Menu.h(13,10): warning C4566: character represented by universal-character-name '\u01B0' cannot be represented in the current code page (1252)
C:\c++\Cplus\CTDLGT\Bai_KT\2115207_DinhTrongHieu_ThiThu\2115207_DinhTrongHieu_ThiThu\Menu.h(13,10): warning C4566: character represented by universal-character-name '\u1EED' cannot be represented in the current code page (1252)
C:\c++\Cplus\CTDLGT\Bai_KT\2115207_DinhTrongHieu_ThiThu\2115207_DinhTrongHieu_ThiThu\Menu.h(13,10): warning C4566: character represented by universal-character-name '\u1EDF' cannot be represented in the current code page (1252)
C:\c++\Cplus\CTDLGT\Bai_KT\2115207_DinhTrongHieu_ThiThu\2115207_DinhTrongHieu_ThiThu\Menu.h(29,12): warning C4566: character represented by universal-character-name '\u1EA1' cannot be represented in the current code page (1252)
C:\c++\Cplus\CTDLGT\Bai_KT\2115207_DinhTrongHieu_ThiThu\2115207_DinhTrongHieu_ThiThu\Menu.h(39,12): warning C4566: character represented by universal-character-name '\u1EA5' cannot be represented in the current code page (1252)
C:\c++\Cplus\CTDLGT\Bai_KT\2115207_DinhTrongHieu_ThiThu\2115207_DinhTrongHieu_ThiThu\Menu.h(39,12): warning C4566: character represented by universal-character-name '\u1EA3' cannot be represented in the current code page (1252)
C:\c++\Cplus\CTDLGT\Bai_KT\2115207_DinhTrongHieu_ThiThu\2115207_DinhTrongHieu_ThiThu\Menu.h(39,12): warning C4566: character represented by universal-character-name '\u01B0' cannot be represented in the current code page (1252)
C:\c++\Cplus\CTDLGT\Bai_KT\2115207_DinhTrongHieu_ThiThu\2115207_DinhTrongHieu_ThiThu\Menu.h(39,12): warning C4566: character represented by universal-character-name '\u01A1' cannot be represented in the current code page (1252)
C:\c++\Cplus\CTDLGT\Bai_KT\2115207_DinhTrongHieu_ThiThu\2115207_DinhTrongHieu_ThiThu\Menu.h(39,12): warning C4566: character represented by universal-character-name '\u1EE9' cannot be represented in the current code page (1252)
C:\c++\Cplus\CTDLGT\Bai_KT\2115207_DinhTrongHieu_ThiThu\2115207_DinhTrongHieu_ThiThu\Menu.h(39,12): warning C4566: character represented by universal-character-name '\u1EF1' cannot be represented in the current code page (1252)
C:\c++\Cplus\CTDLGT\Bai_KT\2115207_DinhTrongHieu_ThiThu\2115207_DinhTrongHieu_ThiThu\Menu.h(39,12): warning C4566: character represented by universal-character-name '\u1EDB' cannot be represented in the current code page (1252)
C:\c++\Cplus\CTDLGT\Bai_KT\2115207_DinhTrongHieu_ThiThu\2115207_DinhTrongHieu_ThiThu\Menu.h(39,12): warning C4566: character represented by universal-character-name '\u1EEF' cannot be represented in the current code page (1252)
C:\c++\Cplus\CTDLGT\Bai_KT\2115207_DinhTrongHieu_ThiThu\2115207_DinhTrongHieu_ThiThu\Menu.h(39,12): warning C4566: character represented by universal-character-name '\u1ED1' cannot be represented in the current code page (1252)
C:\c++\Cplus\CTDLGT\Bai_KT\2115207_DinhTrongHieu_ThiThu\2115207_DinhTrongHieu_ThiThu\Menu.h(50,12): warning C4566: character represented by universal-character-name '\u1EA5' cannot be represented in the current code page (1252)
C:\c++\Cplus\CTDLGT\Bai_KT\2115207_DinhTrongHieu_ThiThu\2115207_DinhTrongHieu_ThiThu\Menu.h(50,12): warning C4566: character represented by universal-character-name '\u1EBF' cannot be represented in the current code page (1252)
C:\c++\Cplus\CTDLGT\Bai_KT\2115207_DinhTrongHieu_ThiThu\2115207_DinhTrongHieu_ThiThu\Menu.h(62,12): warning C4566: character represented by universal-character-name '\u1EED' cannot be represented in the current code page (1252)
C:\c++\Cplus\CTDLGT\Bai_KT\2115207_DinhTrongHieu_ThiThu\2115207_DinhTrongHieu_ThiThu\Menu.h(62,12): warning C4566: character represented by universal-character-name '\u0103' cannot be represented in the current code page (1252)
C:\c++\Cplus\CTDLGT\Bai_KT\2115207_DinhTrongHieu_ThiThu\2115207_DinhTrongHieu_ThiThu\Menu.h(62,12): warning C4566: character represented by universal-character-name '\u1EE7' cannot be represented in the current code page (1252)
C:\c++\Cplus\CTDLGT\Bai_KT\2115207_DinhTrongHieu_ThiThu\2115207_DinhTrongHieu_ThiThu\Menu.h(62,12): warning C4566: character represented by universal-character-name '\u1EA5' cannot be represented in the current code page (1252)
C:\c++\Cplus\CTDLGT\Bai_KT\2115207_DinhTrongHieu_ThiThu\2115207_DinhTrongHieu_ThiThu\Menu.h(62,12): warning C4566: character represented by universal-character-name '\u1EBF' cannot be represented in the current code page (1252)
C:\c++\Cplus\CTDLGT\Bai_KT\2115207_DinhTrongHieu_ThiThu\2115207_DinhTrongHieu_ThiThu\Menu.h(62,12): warning C4566: character represented by universal-character-name '\u1EA3' cannot be represented in the current code page (1252)
C:\c++\Cplus\CTDLGT\Bai_KT\2115207_DinhTrongHieu_ThiThu\2115207_DinhTrongHieu_ThiThu\Menu.h(72,12): warning C4566: character represented by universal-character-name '\u1ECF' cannot be represented in the current code page (1252)
C:\c++\Cplus\CTDLGT\Bai_KT\2115207_DinhTrongHieu_ThiThu\2115207_DinhTrongHieu_ThiThu\Menu.h(72,12): warning C4566: character represented by universal-character-name '\u1EA5' cannot be represented in the current code page (1252)
C:\c++\Cplus\CTDLGT\Bai_KT\2115207_DinhTrongHieu_ThiThu\2115207_DinhTrongHieu_ThiThu\Menu.h(72,12): warning C4566: character represented by universal-character-name '\u1EBF' cannot be represented in the current code page (1252)
C:\c++\Cplus\CTDLGT\Bai_KT\2115207_DinhTrongHieu_ThiThu\2115207_DinhTrongHieu_ThiThu\Menu.h(72,12): warning C4566: character represented by universal-character-name '\u1EA3' cannot be represented in the current code page (1252)
C:\c++\Cplus\CTDLGT\Bai_KT\2115207_DinhTrongHieu_ThiThu\2115207_DinhTrongHieu_ThiThu\Menu.h(82,12): warning C4566: character represented by universal-character-name '\u1ED1' cannot be represented in the current code page (1252)
C:\c++\Cplus\CTDLGT\Bai_KT\2115207_DinhTrongHieu_ThiThu\2115207_DinhTrongHieu_ThiThu\Menu.h(82,12): warning C4566: character represented by universal-character-name '\u1EE7' cannot be represented in the current code page (1252)
C:\c++\Cplus\CTDLGT\Bai_KT\2115207_DinhTrongHieu_ThiThu\2115207_DinhTrongHieu_ThiThu\Menu.h(92,12): warning C4566: character represented by universal-character-name '\u1EC1' cannot be represented in the current code page (1252)
C:\c++\Cplus\CTDLGT\Bai_KT\2115207_DinhTrongHieu_ThiThu\2115207_DinhTrongHieu_ThiThu\Menu.h(92,12): warning C4566: character represented by universal-character-name '\u1EE7' cannot be represented in the current code page (1252)
C:\c++\Cplus\CTDLGT\Bai_KT\2115207_DinhTrongHieu_ThiThu\2115207_DinhTrongHieu_ThiThu\Menu.h(101,12): warning C4566: character represented by universal-character-name '\u0111' cannot be represented in the current code page (1252)
C:\c++\Cplus\CTDLGT\Bai_KT\2115207_DinhTrongHieu_ThiThu\2115207_DinhTrongHieu_ThiThu\Menu.h(101,12): warning C4566: character represented by universal-character-name '\u1ECB' cannot be represented in the current code page (1252)
C:\c++\Cplus\CTDLGT\Bai_KT\2115207_DinhTrongHieu_ThiThu\2115207_DinhTrongHieu_ThiThu\Menu.h(101,12): warning C4566: character represented by universal-character-name '\u1EE9' cannot be represented in the current code page (1252)
C:\c++\Cplus\CTDLGT\Bai_KT\2115207_DinhTrongHieu_ThiThu\2115207_DinhTrongHieu_ThiThu\Menu.h(101,12): warning C4566: character represented by universal-character-name '\u1EE7' cannot be represented in the current code page (1252)
C:\c++\Cplus\CTDLGT\Bai_KT\2115207_DinhTrongHieu_ThiThu\2115207_DinhTrongHieu_ThiThu\Menu.h(101,12): warning C4566: character represented by universal-character-name '\u1EBF' cannot be represented in the current code page (1252)
C:\c++\Cplus\CTDLGT\Bai_KT\2115207_DinhTrongHieu_ThiThu\2115207_DinhTrongHieu_ThiThu\Menu.h(112,12): warning C4566: character represented by universal-character-name '\u1EA5' cannot be represented in the current code page (1252)
C:\c++\Cplus\CTDLGT\Bai_KT\2115207_DinhTrongHieu_ThiThu\2115207_DinhTrongHieu_ThiThu\Menu.h(112,12): warning C4566: character represented by universal-character-name '\u01B0' cannot be represented in the current code page (1252)
C:\c++\Cplus\CTDLGT\Bai_KT\2115207_DinhTrongHieu_ThiThu\2115207_DinhTrongHieu_ThiThu\Menu.h(112,12): warning C4566: character represented by universal-character-name '\u1EED' cannot be represented in the current code page (1252)
C:\c++\Cplus\CTDLGT\Bai_KT\2115207_DinhTrongHieu_ThiThu\2115207_DinhTrongHieu_ThiThu\Menu.h(112,12): warning C4566: character represented by universal-character-name '\u1EDF' cannot be represented in the current code page (1252)
  2115207_DinhTrongHieu_ThiThu.vcxproj -> C:\c++\Cplus\CTDLGT\Bai_KT\2115207_DinhTrongHieu_ThiThu\x64\Debug\2115207_DinhTrongHieu_ThiThu.exe
